4CBB .START (2018-03-05 10:18:25) phpCAS-1.3.5+ ****************** [CAS.php:468]
4CBB .Loaded configuration:
4CBB .a:19:{s:12:"cas_hostname";s:20:"webgate.ec.europa.eu";s:14:"cas_real_hosts";s:14:"cas.myuniv.edu";s:16:"cas_session_name";s:7:"CASAuth";s:19:"cas_control_session";b:0;s:9:"cas_proxy";b:0;s:8:"cas_port";i:443;s:7:"cas_uri";s:4:"/cas";s:14:"cas_validation";s:0:"";s:8:"cas_cert";s:0:"";s:15:"cas_validate_cn";b:1;s:13:"cas_login_url";s:0:"";s:14:"cas_logout_url";s:39:"https://webgate.ec.europa.eu/cas/logout";s:19:"cas_logout_redirect";s:0:"";s:17:"cas_redirect_path";s:0:"";s:15:"cas_enable_saml";b:0;s:11:"cas_version";s:3:"2.0";s:9:"cas_debug";b:1;s:18:"cas_verbose_errors";b:0;s:14:"cas_masquerade";s:0:"";}
63BE .START (2018-03-05 10:19:23) phpCAS-1.3.5+ ****************** [CAS.php:468]
63BE .Loaded configuration:
63BE .a:19:{s:12:"cas_hostname";s:20:"webgate.ec.europa.eu";s:14:"cas_real_hosts";s:14:"cas.myuniv.edu";s:16:"cas_session_name";s:7:"CASAuth";s:19:"cas_control_session";b:0;s:9:"cas_proxy";b:0;s:8:"cas_port";i:443;s:7:"cas_uri";s:4:"/cas";s:14:"cas_validation";s:0:"";s:8:"cas_cert";s:0:"";s:15:"cas_validate_cn";b:1;s:13:"cas_login_url";s:0:"";s:14:"cas_logout_url";s:39:"https://webgate.ec.europa.eu/cas/logout";s:19:"cas_logout_redirect";s:0:"";s:17:"cas_redirect_path";s:0:"";s:15:"cas_enable_saml";b:0;s:11:"cas_version";s:3:"2.0";s:9:"cas_debug";b:1;s:18:"cas_verbose_errors";b:0;s:14:"cas_masquerade";s:0:"";}
27C7 .START (2018-03-05 10:19:50) phpCAS-1.3.5+ ****************** [CAS.php:468]
27C7 .Loaded configuration:
27C7 .a:19:{s:12:"cas_hostname";s:20:"webgate.ec.europa.eu";s:14:"cas_real_hosts";s:14:"cas.myuniv.edu";s:16:"cas_session_name";s:7:"CASAuth";s:19:"cas_control_session";b:0;s:9:"cas_proxy";b:0;s:8:"cas_port";i:443;s:7:"cas_uri";s:4:"/cas";s:14:"cas_validation";s:0:"";s:8:"cas_cert";s:0:"";s:15:"cas_validate_cn";b:1;s:13:"cas_login_url";s:0:"";s:14:"cas_logout_url";s:39:"https://webgate.ec.europa.eu/cas/logout";s:19:"cas_logout_redirect";s:0:"";s:17:"cas_redirect_path";s:0:"";s:15:"cas_enable_saml";b:0;s:11:"cas_version";s:3:"2.0";s:9:"cas_debug";b:1;s:18:"cas_verbose_errors";b:0;s:14:"cas_masquerade";s:0:"";}
7088 .START (2018-03-05 10:21:56) phpCAS-1.3.5+ ****************** [CAS.php:468]
7088 .Loaded configuration:
7088 .a:19:{s:12:"cas_hostname";s:20:"webgate.ec.europa.eu";s:14:"cas_real_hosts";s:14:"cas.myuniv.edu";s:16:"cas_session_name";s:7:"CASAuth";s:19:"cas_control_session";b:0;s:9:"cas_proxy";b:0;s:8:"cas_port";i:443;s:7:"cas_uri";s:4:"/cas";s:14:"cas_validation";s:0:"";s:8:"cas_cert";s:0:"";s:15:"cas_validate_cn";b:1;s:13:"cas_login_url";s:0:"";s:14:"cas_logout_url";s:39:"https://webgate.ec.europa.eu/cas/logout";s:19:"cas_logout_redirect";s:0:"";s:17:"cas_redirect_path";s:0:"";s:15:"cas_enable_saml";b:0;s:11:"cas_version";s:3:"2.0";s:9:"cas_debug";b:1;s:18:"cas_verbose_errors";b:0;s:14:"cas_masquerade";s:0:"";}
AA3A .START (2018-03-05 10:24:51) phpCAS-1.3.5+ ****************** [CAS.php:468]
AA3A .Loaded configuration:
AA3A .a:19:{s:12:"cas_hostname";s:20:"webgate.ec.europa.eu";s:14:"cas_real_hosts";s:14:"cas.myuniv.edu";s:16:"cas_session_name";s:7:"CASAuth";s:19:"cas_control_session";b:0;s:9:"cas_proxy";b:0;s:8:"cas_port";i:443;s:7:"cas_uri";s:4:"/cas";s:14:"cas_validation";s:0:"";s:8:"cas_cert";s:0:"";s:15:"cas_validate_cn";b:1;s:13:"cas_login_url";s:0:"";s:14:"cas_logout_url";s:39:"https://webgate.ec.europa.eu/cas/logout";s:19:"cas_logout_redirect";s:0:"";s:17:"cas_redirect_path";s:0:"";s:15:"cas_enable_saml";b:0;s:11:"cas_version";s:3:"2.0";s:9:"cas_debug";b:1;s:18:"cas_verbose_errors";b:0;s:14:"cas_masquerade";s:0:"";}
6C37 .START (2018-03-05 10:25:57) phpCAS-1.3.5+ ****************** [CAS.php:468]
6C37 .Loaded configuration:
6C37 .a:19:{s:12:"cas_hostname";s:20:"webgate.ec.europa.eu";s:14:"cas_real_hosts";s:14:"cas.myuniv.edu";s:16:"cas_session_name";s:7:"CASAuth";s:19:"cas_control_session";b:0;s:9:"cas_proxy";b:0;s:8:"cas_port";i:443;s:7:"cas_uri";s:4:"/cas";s:14:"cas_validation";s:0:"";s:8:"cas_cert";s:0:"";s:15:"cas_validate_cn";b:1;s:13:"cas_login_url";s:0:"";s:14:"cas_logout_url";s:39:"https://webgate.ec.europa.eu/cas/logout";s:19:"cas_logout_redirect";s:0:"";s:17:"cas_redirect_path";s:0:"";s:15:"cas_enable_saml";b:0;s:11:"cas_version";s:3:"2.0";s:9:"cas_debug";b:1;s:18:"cas_verbose_errors";b:0;s:14:"cas_masquerade";s:0:"";}
FEE8 .START (2018-03-05 10:27:34) phpCAS-1.3.5+ ****************** [CAS.php:468]
FEE8 .Loaded configuration:
FEE8 .a:19:{s:12:"cas_hostname";s:20:"webgate.ec.europa.eu";s:14:"cas_real_hosts";s:14:"cas.myuniv.edu";s:16:"cas_session_name";s:7:"CASAuth";s:19:"cas_control_session";b:0;s:9:"cas_proxy";b:0;s:8:"cas_port";i:443;s:7:"cas_uri";s:4:"/cas";s:14:"cas_validation";s:0:"";s:8:"cas_cert";s:0:"";s:15:"cas_validate_cn";b:1;s:13:"cas_login_url";s:0:"";s:14:"cas_logout_url";s:39:"https://webgate.ec.europa.eu/cas/logout";s:19:"cas_logout_redirect";s:0:"";s:17:"cas_redirect_path";s:0:"";s:15:"cas_enable_saml";b:0;s:11:"cas_version";s:3:"2.0";s:9:"cas_debug";b:1;s:18:"cas_verbose_errors";b:0;s:14:"cas_masquerade";s:0:"";}
55D3 .START (2018-03-05 10:28:13) phpCAS-1.3.5+ ****************** [CAS.php:468]
55D3 .Loaded configuration:
55D3 .a:19:{s:12:"cas_hostname";s:20:"webgate.ec.europa.eu";s:14:"cas_real_hosts";s:14:"cas.myuniv.edu";s:16:"cas_session_name";s:7:"CASAuth";s:19:"cas_control_session";b:0;s:9:"cas_proxy";b:0;s:8:"cas_port";i:443;s:7:"cas_uri";s:4:"/cas";s:14:"cas_validation";s:0:"";s:8:"cas_cert";s:0:"";s:15:"cas_validate_cn";b:1;s:13:"cas_login_url";s:0:"";s:14:"cas_logout_url";s:39:"https://webgate.ec.europa.eu/cas/logout";s:19:"cas_logout_redirect";s:0:"";s:17:"cas_redirect_path";s:0:"";s:15:"cas_enable_saml";b:0;s:11:"cas_version";s:3:"2.0";s:9:"cas_debug";b:1;s:18:"cas_verbose_errors";b:0;s:14:"cas_masquerade";s:0:"";}
954A .START (2018-03-05 10:30:42) phpCAS-1.3.5+ ****************** [CAS.php:468]
954A .Loaded configuration:
954A .a:19:{s:12:"cas_hostname";s:20:"webgate.ec.europa.eu";s:14:"cas_real_hosts";s:14:"cas.myuniv.edu";s:16:"cas_session_name";s:7:"CASAuth";s:19:"cas_control_session";b:0;s:9:"cas_proxy";b:0;s:8:"cas_port";i:443;s:7:"cas_uri";s:4:"/cas";s:14:"cas_validation";s:0:"";s:8:"cas_cert";s:0:"";s:15:"cas_validate_cn";b:1;s:13:"cas_login_url";s:0:"";s:14:"cas_logout_url";s:39:"https://webgate.ec.europa.eu/cas/logout";s:19:"cas_logout_redirect";s:0:"";s:17:"cas_redirect_path";s:0:"";s:15:"cas_enable_saml";b:0;s:11:"cas_version";s:3:"2.0";s:9:"cas_debug";b:1;s:18:"cas_verbose_errors";b:0;s:14:"cas_masquerade";s:0:"";}
772B .START (2018-03-05 10:31:22) phpCAS-1.3.5+ ****************** [CAS.php:468]
772B .Loaded configuration:
772B .a:19:{s:12:"cas_hostname";s:20:"webgate.ec.europa.eu";s:14:"cas_real_hosts";s:14:"cas.myuniv.edu";s:16:"cas_session_name";s:7:"CASAuth";s:19:"cas_control_session";b:0;s:9:"cas_proxy";b:0;s:8:"cas_port";i:443;s:7:"cas_uri";s:4:"/cas";s:14:"cas_validation";s:0:"";s:8:"cas_cert";s:0:"";s:15:"cas_validate_cn";b:1;s:13:"cas_login_url";s:0:"";s:14:"cas_logout_url";s:39:"https://webgate.ec.europa.eu/cas/logout";s:19:"cas_logout_redirect";s:0:"";s:17:"cas_redirect_path";s:0:"";s:15:"cas_enable_saml";b:0;s:11:"cas_version";s:3:"2.0";s:9:"cas_debug";b:1;s:18:"cas_verbose_errors";b:0;s:14:"cas_masquerade";s:0:"";}
4D3C .START (2018-03-05 10:31:41) phpCAS-1.3.5+ ****************** [CAS.php:468]
4D3C .Loaded configuration:
4D3C .a:19:{s:12:"cas_hostname";s:20:"webgate.ec.europa.eu";s:14:"cas_real_hosts";s:14:"cas.myuniv.edu";s:16:"cas_session_name";s:7:"CASAuth";s:19:"cas_control_session";b:0;s:9:"cas_proxy";b:0;s:8:"cas_port";i:443;s:7:"cas_uri";s:4:"/cas";s:14:"cas_validation";s:0:"";s:8:"cas_cert";s:0:"";s:15:"cas_validate_cn";b:1;s:13:"cas_login_url";s:0:"";s:14:"cas_logout_url";s:39:"https://webgate.ec.europa.eu/cas/logout";s:19:"cas_logout_redirect";s:0:"";s:17:"cas_redirect_path";s:0:"";s:15:"cas_enable_saml";b:0;s:11:"cas_version";s:3:"2.0";s:9:"cas_debug";b:1;s:18:"cas_verbose_errors";b:0;s:14:"cas_masquerade";s:0:"";}
F3A5 .START (2018-03-05 10:32:51) phpCAS-1.3.5+ ****************** [CAS.php:468]
F3A5 .Loaded configuration:
F3A5 .a:19:{s:12:"cas_hostname";s:20:"webgate.ec.europa.eu";s:14:"cas_real_hosts";s:14:"cas.myuniv.edu";s:16:"cas_session_name";s:7:"CASAuth";s:19:"cas_control_session";b:0;s:9:"cas_proxy";b:0;s:8:"cas_port";i:443;s:7:"cas_uri";s:4:"/cas";s:14:"cas_validation";s:0:"";s:8:"cas_cert";s:0:"";s:15:"cas_validate_cn";b:1;s:13:"cas_login_url";s:0:"";s:14:"cas_logout_url";s:39:"https://webgate.ec.europa.eu/cas/logout";s:19:"cas_logout_redirect";s:0:"";s:17:"cas_redirect_path";s:0:"";s:15:"cas_enable_saml";b:0;s:11:"cas_version";s:3:"2.0";s:9:"cas_debug";b:1;s:18:"cas_verbose_errors";b:0;s:14:"cas_masquerade";s:0:"";}
8839 .START (2018-03-05 10:34:57) phpCAS-1.3.5+ ****************** [CAS.php:468]
8839 .Loaded configuration:
8839 .a:19:{s:12:"cas_hostname";s:20:"webgate.ec.europa.eu";s:14:"cas_real_hosts";s:14:"cas.myuniv.edu";s:16:"cas_session_name";s:7:"CASAuth";s:19:"cas_control_session";b:0;s:9:"cas_proxy";b:0;s:8:"cas_port";i:443;s:7:"cas_uri";s:4:"/cas";s:14:"cas_validation";s:0:"";s:8:"cas_cert";s:0:"";s:15:"cas_validate_cn";b:1;s:13:"cas_login_url";s:0:"";s:14:"cas_logout_url";s:39:"https://webgate.ec.europa.eu/cas/logout";s:19:"cas_logout_redirect";s:0:"";s:17:"cas_redirect_path";s:0:"";s:15:"cas_enable_saml";b:0;s:11:"cas_version";s:3:"2.0";s:9:"cas_debug";b:1;s:18:"cas_verbose_errors";b:0;s:14:"cas_masquerade";s:0:"";}
9DFF .START (2018-03-05 10:35:52) phpCAS-1.3.5+ ****************** [CAS.php:468]
9DFF .Loaded configuration:
9DFF .a:19:{s:12:"cas_hostname";s:20:"webgate.ec.europa.eu";s:14:"cas_real_hosts";s:14:"cas.myuniv.edu";s:16:"cas_session_name";s:7:"CASAuth";s:19:"cas_control_session";b:0;s:9:"cas_proxy";b:0;s:8:"cas_port";i:443;s:7:"cas_uri";s:4:"/cas";s:14:"cas_validation";s:0:"";s:8:"cas_cert";s:0:"";s:15:"cas_validate_cn";b:1;s:13:"cas_login_url";s:0:"";s:14:"cas_logout_url";s:39:"https://webgate.ec.europa.eu/cas/logout";s:19:"cas_logout_redirect";s:0:"";s:17:"cas_redirect_path";s:0:"";s:15:"cas_enable_saml";b:0;s:11:"cas_version";s:3:"2.0";s:9:"cas_debug";b:1;s:18:"cas_verbose_errors";b:0;s:14:"cas_masquerade";s:0:"";}
A17F .START (2018-03-05 10:38:02) phpCAS-1.3.5+ ****************** [CAS.php:468]
A17F .Loaded configuration:
A17F .a:19:{s:12:"cas_hostname";s:20:"webgate.ec.europa.eu";s:14:"cas_real_hosts";s:14:"cas.myuniv.edu";s:16:"cas_session_name";s:7:"CASAuth";s:19:"cas_control_session";b:0;s:9:"cas_proxy";b:0;s:8:"cas_port";i:443;s:7:"cas_uri";s:4:"/cas";s:14:"cas_validation";s:0:"";s:8:"cas_cert";s:0:"";s:15:"cas_validate_cn";b:1;s:13:"cas_login_url";s:0:"";s:14:"cas_logout_url";s:39:"https://webgate.ec.europa.eu/cas/logout";s:19:"cas_logout_redirect";s:0:"";s:17:"cas_redirect_path";s:0:"";s:15:"cas_enable_saml";b:0;s:11:"cas_version";s:3:"2.0";s:9:"cas_debug";b:1;s:18:"cas_verbose_errors";b:0;s:14:"cas_masquerade";s:0:"";}
E583 .START (2018-03-05 10:41:34) phpCAS-1.3.5+ ****************** [CAS.php:468]
E583 .Loaded configuration:
E583 .a:19:{s:12:"cas_hostname";s:20:"webgate.ec.europa.eu";s:14:"cas_real_hosts";s:14:"cas.myuniv.edu";s:16:"cas_session_name";s:7:"CASAuth";s:19:"cas_control_session";b:0;s:9:"cas_proxy";b:0;s:8:"cas_port";i:443;s:7:"cas_uri";s:4:"/cas";s:14:"cas_validation";s:0:"";s:8:"cas_cert";s:0:"";s:15:"cas_validate_cn";b:1;s:13:"cas_login_url";s:0:"";s:14:"cas_logout_url";s:39:"https://webgate.ec.europa.eu/cas/logout";s:19:"cas_logout_redirect";s:0:"";s:17:"cas_redirect_path";s:0:"";s:15:"cas_enable_saml";b:0;s:11:"cas_version";s:3:"2.0";s:9:"cas_debug";b:1;s:18:"cas_verbose_errors";b:0;s:14:"cas_masquerade";s:0:"";}
5B78 .START (2018-03-05 10:41:52) phpCAS-1.3.5+ ****************** [CAS.php:468]
5B78 .Loaded configuration:
5B78 .a:19:{s:12:"cas_hostname";s:20:"webgate.ec.europa.eu";s:14:"cas_real_hosts";s:14:"cas.myuniv.edu";s:16:"cas_session_name";s:7:"CASAuth";s:19:"cas_control_session";b:0;s:9:"cas_proxy";b:0;s:8:"cas_port";i:443;s:7:"cas_uri";s:4:"/cas";s:14:"cas_validation";s:0:"";s:8:"cas_cert";s:0:"";s:15:"cas_validate_cn";b:1;s:13:"cas_login_url";s:0:"";s:14:"cas_logout_url";s:39:"https://webgate.ec.europa.eu/cas/logout";s:19:"cas_logout_redirect";s:0:"";s:17:"cas_redirect_path";s:0:"";s:15:"cas_enable_saml";b:0;s:11:"cas_version";s:3:"2.0";s:9:"cas_debug";b:1;s:18:"cas_verbose_errors";b:0;s:14:"cas_masquerade";s:0:"";}
62F8 .START (2018-03-05 10:42:03) phpCAS-1.3.5+ ****************** [CAS.php:468]
62F8 .Loaded configuration:
62F8 .a:19:{s:12:"cas_hostname";s:20:"webgate.ec.europa.eu";s:14:"cas_real_hosts";s:14:"cas.myuniv.edu";s:16:"cas_session_name";s:7:"CASAuth";s:19:"cas_control_session";b:0;s:9:"cas_proxy";b:0;s:8:"cas_port";i:443;s:7:"cas_uri";s:4:"/cas";s:14:"cas_validation";s:0:"";s:8:"cas_cert";s:0:"";s:15:"cas_validate_cn";b:1;s:13:"cas_login_url";s:0:"";s:14:"cas_logout_url";s:39:"https://webgate.ec.europa.eu/cas/logout";s:19:"cas_logout_redirect";s:0:"";s:17:"cas_redirect_path";s:0:"";s:15:"cas_enable_saml";b:0;s:11:"cas_version";s:3:"2.0";s:9:"cas_debug";b:1;s:18:"cas_verbose_errors";b:0;s:14:"cas_masquerade";s:0:"";}
5A8F .START (2018-03-05 10:42:36) phpCAS-1.3.5+ ****************** [CAS.php:468]
5A8F .Loaded configuration:
5A8F .a:19:{s:12:"cas_hostname";s:20:"webgate.ec.europa.eu";s:14:"cas_real_hosts";s:14:"cas.myuniv.edu";s:16:"cas_session_name";s:7:"CASAuth";s:19:"cas_control_session";b:0;s:9:"cas_proxy";b:0;s:8:"cas_port";i:443;s:7:"cas_uri";s:4:"/cas";s:14:"cas_validation";s:0:"";s:8:"cas_cert";s:0:"";s:15:"cas_validate_cn";b:1;s:13:"cas_login_url";s:0:"";s:14:"cas_logout_url";s:39:"https://webgate.ec.europa.eu/cas/logout";s:19:"cas_logout_redirect";s:0:"";s:17:"cas_redirect_path";s:0:"";s:15:"cas_enable_saml";b:0;s:11:"cas_version";s:3:"2.0";s:9:"cas_debug";b:1;s:18:"cas_verbose_errors";b:0;s:14:"cas_masquerade";s:0:"";}
A81E .START (2018-03-05 10:49:08) phpCAS-1.3.5+ ****************** [CAS.php:468]
A81E .Loaded configuration:
A81E .a:19:{s:12:"cas_hostname";s:20:"webgate.ec.europa.eu";s:14:"cas_real_hosts";s:14:"cas.myuniv.edu";s:16:"cas_session_name";s:7:"CASAuth";s:19:"cas_control_session";b:0;s:9:"cas_proxy";b:0;s:8:"cas_port";i:443;s:7:"cas_uri";s:4:"/cas";s:14:"cas_validation";s:0:"";s:8:"cas_cert";s:0:"";s:15:"cas_validate_cn";b:1;s:13:"cas_login_url";s:0:"";s:14:"cas_logout_url";s:39:"https://webgate.ec.europa.eu/cas/logout";s:19:"cas_logout_redirect";s:0:"";s:17:"cas_redirect_path";s:0:"";s:15:"cas_enable_saml";b:0;s:11:"cas_version";s:3:"2.0";s:9:"cas_debug";b:1;s:18:"cas_verbose_errors";b:0;s:14:"cas_masquerade";s:0:"";}
1564 .START (2018-03-05 10:49:30) phpCAS-1.3.5+ ****************** [CAS.php:468]
1564 .Loaded configuration:
1564 .a:19:{s:12:"cas_hostname";s:20:"webgate.ec.europa.eu";s:14:"cas_real_hosts";s:14:"cas.myuniv.edu";s:16:"cas_session_name";s:7:"CASAuth";s:19:"cas_control_session";b:0;s:9:"cas_proxy";b:0;s:8:"cas_port";i:443;s:7:"cas_uri";s:4:"/cas";s:14:"cas_validation";s:0:"";s:8:"cas_cert";s:0:"";s:15:"cas_validate_cn";b:1;s:13:"cas_login_url";s:0:"";s:14:"cas_logout_url";s:39:"https://webgate.ec.europa.eu/cas/logout";s:19:"cas_logout_redirect";s:0:"";s:17:"cas_redirect_path";s:0:"";s:15:"cas_enable_saml";b:0;s:11:"cas_version";s:3:"2.0";s:9:"cas_debug";b:1;s:18:"cas_verbose_errors";b:0;s:14:"cas_masquerade";s:0:"";}
F1EC .START (2018-03-05 10:51:08) phpCAS-1.3.5+ ****************** [CAS.php:468]
F1EC .Loaded configuration:
F1EC .a:19:{s:12:"cas_hostname";s:20:"webgate.ec.europa.eu";s:14:"cas_real_hosts";s:14:"cas.myuniv.edu";s:16:"cas_session_name";s:7:"CASAuth";s:19:"cas_control_session";b:0;s:9:"cas_proxy";b:0;s:8:"cas_port";i:443;s:7:"cas_uri";s:4:"/cas";s:14:"cas_validation";s:0:"";s:8:"cas_cert";s:0:"";s:15:"cas_validate_cn";b:1;s:13:"cas_login_url";s:0:"";s:14:"cas_logout_url";s:39:"https://webgate.ec.europa.eu/cas/logout";s:19:"cas_logout_redirect";s:0:"";s:17:"cas_redirect_path";s:0:"";s:15:"cas_enable_saml";b:0;s:11:"cas_version";s:3:"2.0";s:9:"cas_debug";b:1;s:18:"cas_verbose_errors";b:0;s:14:"cas_masquerade";s:0:"";}
7A0D .START (2018-03-05 10:52:11) phpCAS-1.3.5+ ****************** [CAS.php:468]
7A0D .Loaded configuration:
7A0D .a:19:{s:12:"cas_hostname";s:20:"webgate.ec.europa.eu";s:14:"cas_real_hosts";s:14:"cas.myuniv.edu";s:16:"cas_session_name";s:7:"CASAuth";s:19:"cas_control_session";b:0;s:9:"cas_proxy";b:0;s:8:"cas_port";i:443;s:7:"cas_uri";s:4:"/cas";s:14:"cas_validation";s:0:"";s:8:"cas_cert";s:0:"";s:15:"cas_validate_cn";b:1;s:13:"cas_login_url";s:0:"";s:14:"cas_logout_url";s:39:"https://webgate.ec.europa.eu/cas/logout";s:19:"cas_logout_redirect";s:0:"";s:17:"cas_redirect_path";s:0:"";s:15:"cas_enable_saml";b:0;s:11:"cas_version";s:3:"2.0";s:9:"cas_debug";b:1;s:18:"cas_verbose_errors";b:0;s:14:"cas_masquerade";s:0:"";}
04F2 .START (2018-03-05 11:01:27) phpCAS-1.3.5+ ****************** [CAS.php:468]
04F2 .Loaded configuration:
04F2 .a:19:{s:12:"cas_hostname";s:20:"webgate.ec.europa.eu";s:14:"cas_real_hosts";s:14:"cas.myuniv.edu";s:16:"cas_session_name";s:7:"CASAuth";s:19:"cas_control_session";b:0;s:9:"cas_proxy";b:0;s:8:"cas_port";i:443;s:7:"cas_uri";s:4:"/cas";s:14:"cas_validation";s:0:"";s:8:"cas_cert";s:0:"";s:15:"cas_validate_cn";b:1;s:13:"cas_login_url";s:0:"";s:14:"cas_logout_url";s:39:"https://webgate.ec.europa.eu/cas/logout";s:19:"cas_logout_redirect";s:0:"";s:17:"cas_redirect_path";s:0:"";s:15:"cas_enable_saml";b:0;s:11:"cas_version";s:3:"2.0";s:9:"cas_debug";b:1;s:18:"cas_verbose_errors";b:0;s:14:"cas_masquerade";s:0:"";}
FAA1 .START (2018-03-05 11:02:22) phpCAS-1.3.5+ ****************** [CAS.php:468]
FAA1 .Loaded configuration:
FAA1 .a:19:{s:12:"cas_hostname";s:20:"webgate.ec.europa.eu";s:14:"cas_real_hosts";s:14:"cas.myuniv.edu";s:16:"cas_session_name";s:7:"CASAuth";s:19:"cas_control_session";b:0;s:9:"cas_proxy";b:0;s:8:"cas_port";i:443;s:7:"cas_uri";s:4:"/cas";s:14:"cas_validation";s:0:"";s:8:"cas_cert";s:0:"";s:15:"cas_validate_cn";b:1;s:13:"cas_login_url";s:0:"";s:14:"cas_logout_url";s:39:"https://webgate.ec.europa.eu/cas/logout";s:19:"cas_logout_redirect";s:0:"";s:17:"cas_redirect_path";s:0:"";s:15:"cas_enable_saml";b:0;s:11:"cas_version";s:3:"2.0";s:9:"cas_debug";b:1;s:18:"cas_verbose_errors";b:0;s:14:"cas_masquerade";s:0:"";}
CF9F .START (2018-03-05 11:03:29) phpCAS-1.3.5+ ****************** [CAS.php:468]
CF9F .Loaded configuration:
CF9F .a:19:{s:12:"cas_hostname";s:20:"webgate.ec.europa.eu";s:14:"cas_real_hosts";s:14:"cas.myuniv.edu";s:16:"cas_session_name";s:7:"CASAuth";s:19:"cas_control_session";b:0;s:9:"cas_proxy";b:0;s:8:"cas_port";i:443;s:7:"cas_uri";s:4:"/cas";s:14:"cas_validation";s:0:"";s:8:"cas_cert";s:0:"";s:15:"cas_validate_cn";b:1;s:13:"cas_login_url";s:0:"";s:14:"cas_logout_url";s:39:"https://webgate.ec.europa.eu/cas/logout";s:19:"cas_logout_redirect";s:0:"";s:17:"cas_redirect_path";s:0:"";s:15:"cas_enable_saml";b:0;s:11:"cas_version";s:3:"2.0";s:9:"cas_debug";b:1;s:18:"cas_verbose_errors";b:0;s:14:"cas_masquerade";s:0:"";}
73CA .START (2018-03-05 11:05:18) phpCAS-1.3.5+ ****************** [CAS.php:468]
73CA .Loaded configuration:
73CA .a:19:{s:12:"cas_hostname";s:20:"webgate.ec.europa.eu";s:14:"cas_real_hosts";s:14:"cas.myuniv.edu";s:16:"cas_session_name";s:7:"CASAuth";s:19:"cas_control_session";b:0;s:9:"cas_proxy";b:0;s:8:"cas_port";i:443;s:7:"cas_uri";s:4:"/cas";s:14:"cas_validation";s:0:"";s:8:"cas_cert";s:0:"";s:15:"cas_validate_cn";b:1;s:13:"cas_login_url";s:0:"";s:14:"cas_logout_url";s:39:"https://webgate.ec.europa.eu/cas/logout";s:19:"cas_logout_redirect";s:0:"";s:17:"cas_redirect_path";s:0:"";s:15:"cas_enable_saml";b:0;s:11:"cas_version";s:3:"2.0";s:9:"cas_debug";b:1;s:18:"cas_verbose_errors";b:0;s:14:"cas_masquerade";s:0:"";}
E38B .START (2018-03-05 11:05:43) phpCAS-1.3.5+ ****************** [CAS.php:468]
E38B .Loaded configuration:
E38B .a:19:{s:12:"cas_hostname";s:20:"webgate.ec.europa.eu";s:14:"cas_real_hosts";s:14:"cas.myuniv.edu";s:16:"cas_session_name";s:7:"CASAuth";s:19:"cas_control_session";b:0;s:9:"cas_proxy";b:0;s:8:"cas_port";i:443;s:7:"cas_uri";s:4:"/cas";s:14:"cas_validation";s:0:"";s:8:"cas_cert";s:0:"";s:15:"cas_validate_cn";b:1;s:13:"cas_login_url";s:0:"";s:14:"cas_logout_url";s:39:"https://webgate.ec.europa.eu/cas/logout";s:19:"cas_logout_redirect";s:0:"";s:17:"cas_redirect_path";s:0:"";s:15:"cas_enable_saml";b:0;s:11:"cas_version";s:3:"2.0";s:9:"cas_debug";b:1;s:18:"cas_verbose_errors";b:0;s:14:"cas_masquerade";s:0:"";}
EFF1 .START (2018-03-05 11:06:01) phpCAS-1.3.5+ ****************** [CAS.php:468]
EFF1 .Loaded configuration:
EFF1 .a:19:{s:12:"cas_hostname";s:20:"webgate.ec.europa.eu";s:14:"cas_real_hosts";s:14:"cas.myuniv.edu";s:16:"cas_session_name";s:7:"CASAuth";s:19:"cas_control_session";b:0;s:9:"cas_proxy";b:0;s:8:"cas_port";i:443;s:7:"cas_uri";s:4:"/cas";s:14:"cas_validation";s:0:"";s:8:"cas_cert";s:0:"";s:15:"cas_validate_cn";b:1;s:13:"cas_login_url";s:0:"";s:14:"cas_logout_url";s:39:"https://webgate.ec.europa.eu/cas/logout";s:19:"cas_logout_redirect";s:0:"";s:17:"cas_redirect_path";s:0:"";s:15:"cas_enable_saml";b:0;s:11:"cas_version";s:3:"2.0";s:9:"cas_debug";b:1;s:18:"cas_verbose_errors";b:0;s:14:"cas_masquerade";s:0:"";}
C546 .START (2018-03-05 11:06:30) phpCAS-1.3.5+ ****************** [CAS.php:468]
C546 .Loaded configuration:
C546 .a:19:{s:12:"cas_hostname";s:20:"webgate.ec.europa.eu";s:14:"cas_real_hosts";s:14:"cas.myuniv.edu";s:16:"cas_session_name";s:7:"CASAuth";s:19:"cas_control_session";b:0;s:9:"cas_proxy";b:0;s:8:"cas_port";i:443;s:7:"cas_uri";s:4:"/cas";s:14:"cas_validation";s:0:"";s:8:"cas_cert";s:0:"";s:15:"cas_validate_cn";b:1;s:13:"cas_login_url";s:0:"";s:14:"cas_logout_url";s:39:"https://webgate.ec.europa.eu/cas/logout";s:19:"cas_logout_redirect";s:0:"";s:17:"cas_redirect_path";s:0:"";s:15:"cas_enable_saml";b:0;s:11:"cas_version";s:3:"2.0";s:9:"cas_debug";b:1;s:18:"cas_verbose_errors";b:0;s:14:"cas_masquerade";s:0:"";}
7B24 .START (2018-03-05 11:07:23) phpCAS-1.3.5+ ****************** [CAS.php:468]
7B24 .Loaded configuration:
7B24 .a:19:{s:12:"cas_hostname";s:20:"webgate.ec.europa.eu";s:14:"cas_real_hosts";s:14:"cas.myuniv.edu";s:16:"cas_session_name";s:7:"CASAuth";s:19:"cas_control_session";b:0;s:9:"cas_proxy";b:0;s:8:"cas_port";i:443;s:7:"cas_uri";s:4:"/cas";s:14:"cas_validation";s:0:"";s:8:"cas_cert";s:0:"";s:15:"cas_validate_cn";b:1;s:13:"cas_login_url";s:0:"";s:14:"cas_logout_url";s:39:"https://webgate.ec.europa.eu/cas/logout";s:19:"cas_logout_redirect";s:0:"";s:17:"cas_redirect_path";s:0:"";s:15:"cas_enable_saml";b:0;s:11:"cas_version";s:3:"2.0";s:9:"cas_debug";b:1;s:18:"cas_verbose_errors";b:0;s:14:"cas_masquerade";s:0:"";}
4CAF .START (2018-03-05 11:07:53) phpCAS-1.3.5+ ****************** [CAS.php:468]
4CAF .Loaded configuration:
4CAF .a:19:{s:12:"cas_hostname";s:20:"webgate.ec.europa.eu";s:14:"cas_real_hosts";s:14:"cas.myuniv.edu";s:16:"cas_session_name";s:7:"CASAuth";s:19:"cas_control_session";b:0;s:9:"cas_proxy";b:0;s:8:"cas_port";i:443;s:7:"cas_uri";s:4:"/cas";s:14:"cas_validation";s:0:"";s:8:"cas_cert";s:0:"";s:15:"cas_validate_cn";b:1;s:13:"cas_login_url";s:0:"";s:14:"cas_logout_url";s:39:"https://webgate.ec.europa.eu/cas/logout";s:19:"cas_logout_redirect";s:0:"";s:17:"cas_redirect_path";s:0:"";s:15:"cas_enable_saml";b:0;s:11:"cas_version";s:3:"2.0";s:9:"cas_debug";b:1;s:18:"cas_verbose_errors";b:0;s:14:"cas_masquerade";s:0:"";}
4A1D .START (2018-03-05 11:08:29) phpCAS-1.3.5+ ****************** [CAS.php:468]
4A1D .Loaded configuration:
4A1D .a:19:{s:12:"cas_hostname";s:20:"webgate.ec.europa.eu";s:14:"cas_real_hosts";s:14:"cas.myuniv.edu";s:16:"cas_session_name";s:7:"CASAuth";s:19:"cas_control_session";b:0;s:9:"cas_proxy";b:0;s:8:"cas_port";i:443;s:7:"cas_uri";s:4:"/cas";s:14:"cas_validation";s:0:"";s:8:"cas_cert";s:0:"";s:15:"cas_validate_cn";b:1;s:13:"cas_login_url";s:0:"";s:14:"cas_logout_url";s:39:"https://webgate.ec.europa.eu/cas/logout";s:19:"cas_logout_redirect";s:0:"";s:17:"cas_redirect_path";s:0:"";s:15:"cas_enable_saml";b:0;s:11:"cas_version";s:3:"2.0";s:9:"cas_debug";b:1;s:18:"cas_verbose_errors";b:0;s:14:"cas_masquerade";s:0:"";}
CFB7 .START (2018-03-05 11:09:08) phpCAS-1.3.5+ ****************** [CAS.php:468]
CFB7 .Loaded configuration:
CFB7 .a:19:{s:12:"cas_hostname";s:20:"webgate.ec.europa.eu";s:14:"cas_real_hosts";s:14:"cas.myuniv.edu";s:16:"cas_session_name";s:7:"CASAuth";s:19:"cas_control_session";b:0;s:9:"cas_proxy";b:0;s:8:"cas_port";i:443;s:7:"cas_uri";s:4:"/cas";s:14:"cas_validation";s:0:"";s:8:"cas_cert";s:0:"";s:15:"cas_validate_cn";b:1;s:13:"cas_login_url";s:0:"";s:14:"cas_logout_url";s:39:"https://webgate.ec.europa.eu/cas/logout";s:19:"cas_logout_redirect";s:0:"";s:17:"cas_redirect_path";s:0:"";s:15:"cas_enable_saml";b:0;s:11:"cas_version";s:3:"2.0";s:9:"cas_debug";b:1;s:18:"cas_verbose_errors";b:0;s:14:"cas_masquerade";s:0:"";}
6AC7 .START (2018-03-05 11:10:15) phpCAS-1.3.5+ ****************** [CAS.php:468]
6AC7 .Loaded configuration:
6AC7 .a:19:{s:12:"cas_hostname";s:20:"webgate.ec.europa.eu";s:14:"cas_real_hosts";s:14:"cas.myuniv.edu";s:16:"cas_session_name";s:7:"CASAuth";s:19:"cas_control_session";b:0;s:9:"cas_proxy";b:0;s:8:"cas_port";i:443;s:7:"cas_uri";s:4:"/cas";s:14:"cas_validation";s:0:"";s:8:"cas_cert";s:0:"";s:15:"cas_validate_cn";b:1;s:13:"cas_login_url";s:0:"";s:14:"cas_logout_url";s:39:"https://webgate.ec.europa.eu/cas/logout";s:19:"cas_logout_redirect";s:0:"";s:17:"cas_redirect_path";s:0:"";s:15:"cas_enable_saml";b:0;s:11:"cas_version";s:3:"2.0";s:9:"cas_debug";b:1;s:18:"cas_verbose_errors";b:0;s:14:"cas_masquerade";s:0:"";}
D24F .START (2018-03-05 11:11:13) phpCAS-1.3.5+ ****************** [CAS.php:468]
D24F .Loaded configuration:
D24F .a:19:{s:12:"cas_hostname";s:20:"webgate.ec.europa.eu";s:14:"cas_real_hosts";s:14:"cas.myuniv.edu";s:16:"cas_session_name";s:7:"CASAuth";s:19:"cas_control_session";b:0;s:9:"cas_proxy";b:0;s:8:"cas_port";i:443;s:7:"cas_uri";s:4:"/cas";s:14:"cas_validation";s:0:"";s:8:"cas_cert";s:0:"";s:15:"cas_validate_cn";b:1;s:13:"cas_login_url";s:0:"";s:14:"cas_logout_url";s:39:"https://webgate.ec.europa.eu/cas/logout";s:19:"cas_logout_redirect";s:0:"";s:17:"cas_redirect_path";s:0:"";s:15:"cas_enable_saml";b:0;s:11:"cas_version";s:3:"2.0";s:9:"cas_debug";b:1;s:18:"cas_verbose_errors";b:0;s:14:"cas_masquerade";s:0:"";}
FA47 .START (2018-03-05 11:11:57) phpCAS-1.3.5+ ****************** [CAS.php:468]
FA47 .Loaded configuration:
FA47 .a:19:{s:12:"cas_hostname";s:20:"webgate.ec.europa.eu";s:14:"cas_real_hosts";s:14:"cas.myuniv.edu";s:16:"cas_session_name";s:7:"CASAuth";s:19:"cas_control_session";b:0;s:9:"cas_proxy";b:0;s:8:"cas_port";i:443;s:7:"cas_uri";s:4:"/cas";s:14:"cas_validation";s:0:"";s:8:"cas_cert";s:0:"";s:15:"cas_validate_cn";b:1;s:13:"cas_login_url";s:0:"";s:14:"cas_logout_url";s:39:"https://webgate.ec.europa.eu/cas/logout";s:19:"cas_logout_redirect";s:0:"";s:17:"cas_redirect_path";s:0:"";s:15:"cas_enable_saml";b:0;s:11:"cas_version";s:3:"2.0";s:9:"cas_debug";b:1;s:18:"cas_verbose_errors";b:0;s:14:"cas_masquerade";s:0:"";}
A2A3 .START (2018-03-05 11:16:29) phpCAS-1.3.5+ ****************** [CAS.php:468]
A2A3 .Loaded configuration:
A2A3 .a:19:{s:12:"cas_hostname";s:20:"webgate.ec.europa.eu";s:14:"cas_real_hosts";s:14:"cas.myuniv.edu";s:16:"cas_session_name";s:7:"CASAuth";s:19:"cas_control_session";b:0;s:9:"cas_proxy";b:0;s:8:"cas_port";i:443;s:7:"cas_uri";s:4:"/cas";s:14:"cas_validation";s:0:"";s:8:"cas_cert";s:0:"";s:15:"cas_validate_cn";b:1;s:13:"cas_login_url";s:0:"";s:14:"cas_logout_url";s:39:"https://webgate.ec.europa.eu/cas/logout";s:19:"cas_logout_redirect";s:0:"";s:17:"cas_redirect_path";s:0:"";s:15:"cas_enable_saml";b:0;s:11:"cas_version";s:3:"2.0";s:9:"cas_debug";b:1;s:18:"cas_verbose_errors";b:0;s:14:"cas_masquerade";s:0:"";}
3A30 .START (2018-03-05 11:16:46) phpCAS-1.3.5+ ****************** [CAS.php:468]
3A30 .Loaded configuration:
3A30 .a:19:{s:12:"cas_hostname";s:20:"webgate.ec.europa.eu";s:14:"cas_real_hosts";s:14:"cas.myuniv.edu";s:16:"cas_session_name";s:7:"CASAuth";s:19:"cas_control_session";b:0;s:9:"cas_proxy";b:0;s:8:"cas_port";i:443;s:7:"cas_uri";s:4:"/cas";s:14:"cas_validation";s:0:"";s:8:"cas_cert";s:0:"";s:15:"cas_validate_cn";b:1;s:13:"cas_login_url";s:0:"";s:14:"cas_logout_url";s:39:"https://webgate.ec.europa.eu/cas/logout";s:19:"cas_logout_redirect";s:0:"";s:17:"cas_redirect_path";s:0:"";s:15:"cas_enable_saml";b:0;s:11:"cas_version";s:3:"2.0";s:9:"cas_debug";b:1;s:18:"cas_verbose_errors";b:0;s:14:"cas_masquerade";s:0:"";}
A25C .START (2018-03-05 11:18:40) phpCAS-1.3.5+ ****************** [CAS.php:468]
A25C .Loaded configuration:
A25C .a:19:{s:12:"cas_hostname";s:20:"webgate.ec.europa.eu";s:14:"cas_real_hosts";s:14:"cas.myuniv.edu";s:16:"cas_session_name";s:7:"CASAuth";s:19:"cas_control_session";b:0;s:9:"cas_proxy";b:0;s:8:"cas_port";i:443;s:7:"cas_uri";s:4:"/cas";s:14:"cas_validation";s:0:"";s:8:"cas_cert";s:0:"";s:15:"cas_validate_cn";b:1;s:13:"cas_login_url";s:0:"";s:14:"cas_logout_url";s:39:"https://webgate.ec.europa.eu/cas/logout";s:19:"cas_logout_redirect";s:0:"";s:17:"cas_redirect_path";s:0:"";s:15:"cas_enable_saml";b:0;s:11:"cas_version";s:3:"2.0";s:9:"cas_debug";b:1;s:18:"cas_verbose_errors";b:0;s:14:"cas_masquerade";s:0:"";}
DABE .START (2018-03-05 11:19:51) phpCAS-1.3.5+ ****************** [CAS.php:468]
DABE .Loaded configuration:
DABE .a:19:{s:12:"cas_hostname";s:20:"webgate.ec.europa.eu";s:14:"cas_real_hosts";s:14:"cas.myuniv.edu";s:16:"cas_session_name";s:7:"CASAuth";s:19:"cas_control_session";b:0;s:9:"cas_proxy";b:0;s:8:"cas_port";i:443;s:7:"cas_uri";s:4:"/cas";s:14:"cas_validation";s:0:"";s:8:"cas_cert";s:0:"";s:15:"cas_validate_cn";b:1;s:13:"cas_login_url";s:0:"";s:14:"cas_logout_url";s:39:"https://webgate.ec.europa.eu/cas/logout";s:19:"cas_logout_redirect";s:0:"";s:17:"cas_redirect_path";s:0:"";s:15:"cas_enable_saml";b:0;s:11:"cas_version";s:3:"2.0";s:9:"cas_debug";b:1;s:18:"cas_verbose_errors";b:0;s:14:"cas_masquerade";s:0:"";}
719F .START (2018-03-05 11:20:09) phpCAS-1.3.5+ ****************** [CAS.php:468]
719F .Loaded configuration:
719F .a:19:{s:12:"cas_hostname";s:20:"webgate.ec.europa.eu";s:14:"cas_real_hosts";s:14:"cas.myuniv.edu";s:16:"cas_session_name";s:7:"CASAuth";s:19:"cas_control_session";b:0;s:9:"cas_proxy";b:0;s:8:"cas_port";i:443;s:7:"cas_uri";s:4:"/cas";s:14:"cas_validation";s:0:"";s:8:"cas_cert";s:0:"";s:15:"cas_validate_cn";b:1;s:13:"cas_login_url";s:0:"";s:14:"cas_logout_url";s:39:"https://webgate.ec.europa.eu/cas/logout";s:19:"cas_logout_redirect";s:0:"";s:17:"cas_redirect_path";s:0:"";s:15:"cas_enable_saml";b:0;s:11:"cas_version";s:3:"2.0";s:9:"cas_debug";b:1;s:18:"cas_verbose_errors";b:0;s:14:"cas_masquerade";s:0:"";}
